2025-03-22 17:38:36,609 - __main__ - INFO - Starting Muninn Web Threat Detection
2025-03-22 17:38:36,612 - waitress - INFO - Serving on http://0.0.0.0:5000
2025-03-22 17:39:03,904 - __main__ - INFO - Starting Muninn Web Threat Detection
2025-03-22 17:39:03,907 - waitress - INFO - Serving on http://0.0.0.0:5000
2025-03-22 17:39:19,143 - app - ERROR - Exception on / [GET]
Traceback (most recent call last):
  File "C:\Users\Videsh Arivazhagan\AppData\Local\Packages\PythonSoftwareFoundation.Python.3.13_qbz5n2kfra8p0\LocalCache\local-packages\Python313\site-packages\flask\app.py", line 1511, in wsgi_app
    response = self.full_dispatch_request()
  File "C:\Users\Videsh Arivazhagan\AppData\Local\Packages\PythonSoftwareFoundation.Python.3.13_qbz5n2kfra8p0\LocalCache\local-packages\Python313\site-packages\flask\app.py", line 919, in full_dispatch_request
    rv = self.handle_user_exception(e)
  File "C:\Users\Videsh Arivazhagan\AppData\Local\Packages\PythonSoftwareFoundation.Python.3.13_qbz5n2kfra8p0\LocalCache\local-packages\Python313\site-packages\flask\app.py", line 917, in full_dispatch_request
    rv = self.dispatch_request()
  File "C:\Users\Videsh Arivazhagan\AppData\Local\Packages\PythonSoftwareFoundation.Python.3.13_qbz5n2kfra8p0\LocalCache\local-packages\Python313\site-packages\flask\app.py", line 902, in dispatch_request
    return self.ensure_sync(self.view_functions[rule.endpoint])(**view_args)  # type: ignore[no-any-return]
           ~~~~~~~~~~~~~~~~~~~~~~~~~~~~~~~~~~~~~~~~~~~~~~~~~~~~^^^^^^^^^^^^^
  File "C:\Users\Videsh Arivazhagan\Desktop\Muninn\Salazar\app.py", line 43, in index
    return render_template('index.html', recent_scans=recent_scans)
  File "C:\Users\Videsh Arivazhagan\AppData\Local\Packages\PythonSoftwareFoundation.Python.3.13_qbz5n2kfra8p0\LocalCache\local-packages\Python313\site-packages\flask\templating.py", line 150, in render_template
    return _render(app, template, context)
  File "C:\Users\Videsh Arivazhagan\AppData\Local\Packages\PythonSoftwareFoundation.Python.3.13_qbz5n2kfra8p0\LocalCache\local-packages\Python313\site-packages\flask\templating.py", line 131, in _render
    rv = template.render(context)
  File "C:\Users\Videsh Arivazhagan\AppData\Local\Packages\PythonSoftwareFoundation.Python.3.13_qbz5n2kfra8p0\LocalCache\local-packages\Python313\site-packages\jinja2\environment.py", line 1295, in render
    self.environment.handle_exception()
    ~~~~~~~~~~~~~~~~~~~~~~~~~~~~~~~~~^^
  File "C:\Users\Videsh Arivazhagan\AppData\Local\Packages\PythonSoftwareFoundation.Python.3.13_qbz5n2kfra8p0\LocalCache\local-packages\Python313\site-packages\jinja2\environment.py", line 942, in handle_exception
    raise rewrite_traceback_stack(source=source)
  File "C:\Users\Videsh Arivazhagan\Desktop\Muninn\Salazar\templates\index.html", line 1, in top-level template code
    {% extends "base.html" %}
  File "C:\Users\Videsh Arivazhagan\Desktop\Muninn\Salazar\templates\base.html", line 31, in top-level template code
    {% block content %}{% endblock %}
    ^^^^^^^^^^^^^
  File "C:\Users\Videsh Arivazhagan\Desktop\Muninn\Salazar\templates\index.html", line 20, in block 'content'
    <form id="scan-form" class="scan-form" action="{{ url_for('scan') }}" method="post">
    ^^^^^^^^^^^^^^^^^^^^^
  File "C:\Users\Videsh Arivazhagan\AppData\Local\Packages\PythonSoftwareFoundation.Python.3.13_qbz5n2kfra8p0\LocalCache\local-packages\Python313\site-packages\flask\app.py", line 1121, in url_for
    return self.handle_url_build_error(error, endpoint, values)
           ~~~~~~~~~~~~~~~~~~~~~~~~~~~^^^^^^^^^^^^^^^^^^^^^^^^^
  File "C:\Users\Videsh Arivazhagan\AppData\Local\Packages\PythonSoftwareFoundation.Python.3.13_qbz5n2kfra8p0\LocalCache\local-packages\Python313\site-packages\flask\app.py", line 1110, in url_for
    rv = url_adapter.build(  # type: ignore[union-attr]
        endpoint,
    ...<3 lines>...
        force_external=_external,
    )
  File "C:\Users\Videsh Arivazhagan\AppData\Local\Packages\PythonSoftwareFoundation.Python.3.13_qbz5n2kfra8p0\LocalCache\local-packages\Python313\site-packages\werkzeug\routing\map.py", line 924, in build
    raise BuildError(endpoint, values, method, self)
werkzeug.routing.exceptions.BuildError: Could not build url for endpoint 'scan'. Did you mean 'start_scan' instead?
